<?xml version="1.0" encoding="UTF-8"?>
<testsuite xmlns:xsi="http://www.w3.org/2001/XMLSchema-instance" xsi:noNamespaceSchemaLocation="https://maven.apache.org/surefire/maven-surefire-plugin/xsd/surefire-test-report-3.0.xsd" version="3.0" name="org.eclipse.rdf4j.query.parser.sparql.WildcardProjectionProcessorTest" time="0.01" tests="4" errors="0" skipped="0" failures="0">
  <properties>
    <property name="java.specification.version" value="19"/>
    <property name="sun.cpu.isalist" value="amd64"/>
    <property name="sun.jnu.encoding" value="Cp1252"/>
    <property name="java.class.path" value="C:\Users\gr4ad\Downloads\rdf4j-main\rdf4j-main\core\queryparser\sparql\target\test-classes;C:\Users\gr4ad\Downloads\rdf4j-main\rdf4j-main\core\queryparser\sparql\target\classes;C:\Users\gr4ad\.m2\repository\org\eclipse\rdf4j\rdf4j-queryparser-api\4.2.3-SNAPSHOT\rdf4j-queryparser-api-4.2.3-SNAPSHOT.jar;C:\Users\gr4ad\.m2\repository\org\eclipse\rdf4j\rdf4j-rio-trig\4.2.3-SNAPSHOT\rdf4j-rio-trig-4.2.3-SNAPSHOT.jar;C:\Users\gr4ad\.m2\repository\org\eclipse\rdf4j\rdf4j-rio-api\4.2.3-SNAPSHOT\rdf4j-rio-api-4.2.3-SNAPSHOT.jar;C:\Users\gr4ad\.m2\repository\org\eclipse\rdf4j\rdf4j-common-xml\4.2.3-SNAPSHOT\rdf4j-common-xml-4.2.3-SNAPSHOT.jar;C:\Users\gr4ad\.m2\repository\jakarta\xml\bind\jakarta.xml.bind-api\2.3.3\jakarta.xml.bind-api-2.3.3.jar;C:\Users\gr4ad\.m2\repository\jakarta\activation\jakarta.activation-api\1.2.2\jakarta.activation-api-1.2.2.jar;C:\Users\gr4ad\.m2\repository\com\github\jsonld-java\jsonld-java\0.13.4\jsonld-java-0.13.4.jar;C:\Users\gr4ad\.m2\repository\org\slf4j\jcl-over-slf4j\1.7.36\jcl-over-slf4j-1.7.36.jar;C:\Users\gr4ad\.m2\repository\org\eclipse\rdf4j\rdf4j-rio-turtle\4.2.3-SNAPSHOT\rdf4j-rio-turtle-4.2.3-SNAPSHOT.jar;C:\Users\gr4ad\.m2\repository\commons-io\commons-io\2.11.0\commons-io-2.11.0.jar;C:\Users\gr4ad\.m2\repository\org\eclipse\rdf4j\rdf4j-rio-datatypes\4.2.3-SNAPSHOT\rdf4j-rio-datatypes-4.2.3-SNAPSHOT.jar;C:\Users\gr4ad\.m2\repository\org\eclipse\rdf4j\rdf4j-rio-languages\4.2.3-SNAPSHOT\rdf4j-rio-languages-4.2.3-SNAPSHOT.jar;C:\Users\gr4ad\.m2\repository\org\eclipse\rdf4j\rdf4j-query\4.2.3-SNAPSHOT\rdf4j-query-4.2.3-SNAPSHOT.jar;C:\Users\gr4ad\.m2\repository\com\fasterxml\jackson\core\jackson-annotations\2.13.4\jackson-annotations-2.13.4.jar;C:\Users\gr4ad\.m2\repository\com\fasterxml\jackson\core\jackson-core\2.13.4\jackson-core-2.13.4.jar;C:\Users\gr4ad\.m2\repository\com\fasterxml\jackson\core\jackson-databind\2.13.4.2\jackson-databind-2.13.4.2.jar;C:\Users\gr4ad\.m2\repository\org\apache\commons\commons-text\1.10.0\commons-text-1.10.0.jar;C:\Users\gr4ad\.m2\repository\org\apache\commons\commons-lang3\3.12.0\commons-lang3-3.12.0.jar;C:\Users\gr4ad\.m2\repository\org\eclipse\rdf4j\rdf4j-queryalgebra-model\4.2.3-SNAPSHOT\rdf4j-queryalgebra-model-4.2.3-SNAPSHOT.jar;C:\Users\gr4ad\.m2\repository\org\eclipse\rdf4j\rdf4j-model\4.2.3-SNAPSHOT\rdf4j-model-4.2.3-SNAPSHOT.jar;C:\Users\gr4ad\.m2\repository\org\eclipse\rdf4j\rdf4j-model-api\4.2.3-SNAPSHOT\rdf4j-model-api-4.2.3-SNAPSHOT.jar;C:\Users\gr4ad\.m2\repository\org\eclipse\rdf4j\rdf4j-common-annotation\4.2.3-SNAPSHOT\rdf4j-common-annotation-4.2.3-SNAPSHOT.jar;C:\Users\gr4ad\.m2\repository\org\eclipse\rdf4j\rdf4j-model-vocabulary\4.2.3-SNAPSHOT\rdf4j-model-vocabulary-4.2.3-SNAPSHOT.jar;C:\Users\gr4ad\.m2\repository\org\eclipse\rdf4j\rdf4j-common-exception\4.2.3-SNAPSHOT\rdf4j-common-exception-4.2.3-SNAPSHOT.jar;C:\Users\gr4ad\.m2\repository\org\eclipse\rdf4j\rdf4j-common-text\4.2.3-SNAPSHOT\rdf4j-common-text-4.2.3-SNAPSHOT.jar;C:\Users\gr4ad\.m2\repository\org\eclipse\rdf4j\rdf4j-common-io\4.2.3-SNAPSHOT\rdf4j-common-io-4.2.3-SNAPSHOT.jar;C:\Users\gr4ad\.m2\repository\org\eclipse\rdf4j\rdf4j-common-util\4.2.3-SNAPSHOT\rdf4j-common-util-4.2.3-SNAPSHOT.jar;C:\Users\gr4ad\.m2\repository\org\eclipse\rdf4j\rdf4j-common-iterator\4.2.3-SNAPSHOT\rdf4j-common-iterator-4.2.3-SNAPSHOT.jar;C:\Users\gr4ad\.m2\repository\com\google\guava\guava\30.1.1-jre\guava-30.1.1-jre.jar;C:\Users\gr4ad\.m2\repository\com\google\guava\failureaccess\1.0.1\failureaccess-1.0.1.jar;C:\Users\gr4ad\.m2\repository\com\google\guava\listenablefuture\9999.0-empty-to-avoid-conflict-with-guava\listenablefuture-9999.0-empty-to-avoid-conflict-with-guava.jar;C:\Users\gr4ad\.m2\repository\org\openjdk\jmh\jmh-core\1.35\jmh-core-1.35.jar;C:\Users\gr4ad\.m2\repository\net\sf\jopt-simple\jopt-simple\5.0.4\jopt-simple-5.0.4.jar;C:\Users\gr4ad\.m2\repository\org\apache\commons\commons-math3\3.2\commons-math3-3.2.jar;C:\Users\gr4ad\.m2\repository\org\openjdk\jmh\jmh-generator-annprocess\1.35\jmh-generator-annprocess-1.35.jar;C:\Users\gr4ad\.m2\repository\org\junit\jupiter\junit-jupiter-engine\5.8.2\junit-jupiter-engine-5.8.2.jar;C:\Users\gr4ad\.m2\repository\org\junit\platform\junit-platform-engine\1.8.2\junit-platform-engine-1.8.2.jar;C:\Users\gr4ad\.m2\repository\org\opentest4j\opentest4j\1.2.0\opentest4j-1.2.0.jar;C:\Users\gr4ad\.m2\repository\org\junit\platform\junit-platform-commons\1.8.2\junit-platform-commons-1.8.2.jar;C:\Users\gr4ad\.m2\repository\org\junit\jupiter\junit-jupiter-api\5.8.2\junit-jupiter-api-5.8.2.jar;C:\Users\gr4ad\.m2\repository\org\apiguardian\apiguardian-api\1.1.2\apiguardian-api-1.1.2.jar;C:\Users\gr4ad\.m2\repository\org\junit\vintage\junit-vintage-engine\5.8.2\junit-vintage-engine-5.8.2.jar;C:\Users\gr4ad\.m2\repository\junit\junit\4.13.2\junit-4.13.2.jar;C:\Users\gr4ad\.m2\repository\org\hamcrest\hamcrest-core\1.3\hamcrest-core-1.3.jar;C:\Users\gr4ad\.m2\repository\org\assertj\assertj-core\3.19.0\assertj-core-3.19.0.jar;C:\Users\gr4ad\.m2\repository\org\mockito\mockito-core\3.8.0\mockito-core-3.8.0.jar;C:\Users\gr4ad\.m2\repository\net\bytebuddy\byte-buddy\1.10.20\byte-buddy-1.10.20.jar;C:\Users\gr4ad\.m2\repository\net\bytebuddy\byte-buddy-agent\1.10.20\byte-buddy-agent-1.10.20.jar;C:\Users\gr4ad\.m2\repository\org\objenesis\objenesis\3.1\objenesis-3.1.jar;C:\Users\gr4ad\.m2\repository\ch\qos\logback\logback-classic\1.2.11\logback-classic-1.2.11.jar;C:\Users\gr4ad\.m2\repository\ch\qos\logback\logback-core\1.2.11\logback-core-1.2.11.jar;C:\Users\gr4ad\.m2\repository\org\slf4j\slf4j-api\1.7.36\slf4j-api-1.7.36.jar;"/>
    <property name="java.vm.vendor" value="Oracle Corporation"/>
    <property name="sun.arch.data.model" value="64"/>
    <property name="user.variant" value=""/>
    <property name="java.vendor.url" value="https://java.oracle.com/"/>
    <property name="user.timezone" value="Europe/Rome"/>
    <property name="os.name" value="Windows 10"/>
    <property name="java.vm.specification.version" value="19"/>
    <property name="sun.java.launcher" value="SUN_STANDARD"/>
    <property name="user.country" value="IT"/>
    <property name="sun.boot.library.path" value="C:\Program Files\Java\jdk-19\bin"/>
    <property name="sun.java.command" value="C:\Users\gr4ad\AppData\Local\Temp\surefire5947959506866711520\surefirebooter-20230330173525069_3.jar C:\Users\gr4ad\AppData\Local\Temp\surefire5947959506866711520 2023-03-30T17-35-24_635-jvmRun1 surefire-20230330173525069_1tmp surefire_0-20230330173525069_2tmp"/>
    <property name="jdk.debug" value="release"/>
    <property name="surefire.test.class.path" value="C:\Users\gr4ad\Downloads\rdf4j-main\rdf4j-main\core\queryparser\sparql\target\test-classes;C:\Users\gr4ad\Downloads\rdf4j-main\rdf4j-main\core\queryparser\sparql\target\classes;C:\Users\gr4ad\.m2\repository\org\eclipse\rdf4j\rdf4j-queryparser-api\4.2.3-SNAPSHOT\rdf4j-queryparser-api-4.2.3-SNAPSHOT.jar;C:\Users\gr4ad\.m2\repository\org\eclipse\rdf4j\rdf4j-rio-trig\4.2.3-SNAPSHOT\rdf4j-rio-trig-4.2.3-SNAPSHOT.jar;C:\Users\gr4ad\.m2\repository\org\eclipse\rdf4j\rdf4j-rio-api\4.2.3-SNAPSHOT\rdf4j-rio-api-4.2.3-SNAPSHOT.jar;C:\Users\gr4ad\.m2\repository\org\eclipse\rdf4j\rdf4j-common-xml\4.2.3-SNAPSHOT\rdf4j-common-xml-4.2.3-SNAPSHOT.jar;C:\Users\gr4ad\.m2\repository\jakarta\xml\bind\jakarta.xml.bind-api\2.3.3\jakarta.xml.bind-api-2.3.3.jar;C:\Users\gr4ad\.m2\repository\jakarta\activation\jakarta.activation-api\1.2.2\jakarta.activation-api-1.2.2.jar;C:\Users\gr4ad\.m2\repository\com\github\jsonld-java\jsonld-java\0.13.4\jsonld-java-0.13.4.jar;C:\Users\gr4ad\.m2\repository\org\slf4j\jcl-over-slf4j\1.7.36\jcl-over-slf4j-1.7.36.jar;C:\Users\gr4ad\.m2\repository\org\eclipse\rdf4j\rdf4j-rio-turtle\4.2.3-SNAPSHOT\rdf4j-rio-turtle-4.2.3-SNAPSHOT.jar;C:\Users\gr4ad\.m2\repository\commons-io\commons-io\2.11.0\commons-io-2.11.0.jar;C:\Users\gr4ad\.m2\repository\org\eclipse\rdf4j\rdf4j-rio-datatypes\4.2.3-SNAPSHOT\rdf4j-rio-datatypes-4.2.3-SNAPSHOT.jar;C:\Users\gr4ad\.m2\repository\org\eclipse\rdf4j\rdf4j-rio-languages\4.2.3-SNAPSHOT\rdf4j-rio-languages-4.2.3-SNAPSHOT.jar;C:\Users\gr4ad\.m2\repository\org\eclipse\rdf4j\rdf4j-query\4.2.3-SNAPSHOT\rdf4j-query-4.2.3-SNAPSHOT.jar;C:\Users\gr4ad\.m2\repository\com\fasterxml\jackson\core\jackson-annotations\2.13.4\jackson-annotations-2.13.4.jar;C:\Users\gr4ad\.m2\repository\com\fasterxml\jackson\core\jackson-core\2.13.4\jackson-core-2.13.4.jar;C:\Users\gr4ad\.m2\repository\com\fasterxml\jackson\core\jackson-databind\2.13.4.2\jackson-databind-2.13.4.2.jar;C:\Users\gr4ad\.m2\repository\org\apache\commons\commons-text\1.10.0\commons-text-1.10.0.jar;C:\Users\gr4ad\.m2\repository\org\apache\commons\commons-lang3\3.12.0\commons-lang3-3.12.0.jar;C:\Users\gr4ad\.m2\repository\org\eclipse\rdf4j\rdf4j-queryalgebra-model\4.2.3-SNAPSHOT\rdf4j-queryalgebra-model-4.2.3-SNAPSHOT.jar;C:\Users\gr4ad\.m2\repository\org\eclipse\rdf4j\rdf4j-model\4.2.3-SNAPSHOT\rdf4j-model-4.2.3-SNAPSHOT.jar;C:\Users\gr4ad\.m2\repository\org\eclipse\rdf4j\rdf4j-model-api\4.2.3-SNAPSHOT\rdf4j-model-api-4.2.3-SNAPSHOT.jar;C:\Users\gr4ad\.m2\repository\org\eclipse\rdf4j\rdf4j-common-annotation\4.2.3-SNAPSHOT\rdf4j-common-annotation-4.2.3-SNAPSHOT.jar;C:\Users\gr4ad\.m2\repository\org\eclipse\rdf4j\rdf4j-model-vocabulary\4.2.3-SNAPSHOT\rdf4j-model-vocabulary-4.2.3-SNAPSHOT.jar;C:\Users\gr4ad\.m2\repository\org\eclipse\rdf4j\rdf4j-common-exception\4.2.3-SNAPSHOT\rdf4j-common-exception-4.2.3-SNAPSHOT.jar;C:\Users\gr4ad\.m2\repository\org\eclipse\rdf4j\rdf4j-common-text\4.2.3-SNAPSHOT\rdf4j-common-text-4.2.3-SNAPSHOT.jar;C:\Users\gr4ad\.m2\repository\org\eclipse\rdf4j\rdf4j-common-io\4.2.3-SNAPSHOT\rdf4j-common-io-4.2.3-SNAPSHOT.jar;C:\Users\gr4ad\.m2\repository\org\eclipse\rdf4j\rdf4j-common-util\4.2.3-SNAPSHOT\rdf4j-common-util-4.2.3-SNAPSHOT.jar;C:\Users\gr4ad\.m2\repository\org\eclipse\rdf4j\rdf4j-common-iterator\4.2.3-SNAPSHOT\rdf4j-common-iterator-4.2.3-SNAPSHOT.jar;C:\Users\gr4ad\.m2\repository\com\google\guava\guava\30.1.1-jre\guava-30.1.1-jre.jar;C:\Users\gr4ad\.m2\repository\com\google\guava\failureaccess\1.0.1\failureaccess-1.0.1.jar;C:\Users\gr4ad\.m2\repository\com\google\guava\listenablefuture\9999.0-empty-to-avoid-conflict-with-guava\listenablefuture-9999.0-empty-to-avoid-conflict-with-guava.jar;C:\Users\gr4ad\.m2\repository\org\openjdk\jmh\jmh-core\1.35\jmh-core-1.35.jar;C:\Users\gr4ad\.m2\repository\net\sf\jopt-simple\jopt-simple\5.0.4\jopt-simple-5.0.4.jar;C:\Users\gr4ad\.m2\repository\org\apache\commons\commons-math3\3.2\commons-math3-3.2.jar;C:\Users\gr4ad\.m2\repository\org\openjdk\jmh\jmh-generator-annprocess\1.35\jmh-generator-annprocess-1.35.jar;C:\Users\gr4ad\.m2\repository\org\junit\jupiter\junit-jupiter-engine\5.8.2\junit-jupiter-engine-5.8.2.jar;C:\Users\gr4ad\.m2\repository\org\junit\platform\junit-platform-engine\1.8.2\junit-platform-engine-1.8.2.jar;C:\Users\gr4ad\.m2\repository\org\opentest4j\opentest4j\1.2.0\opentest4j-1.2.0.jar;C:\Users\gr4ad\.m2\repository\org\junit\platform\junit-platform-commons\1.8.2\junit-platform-commons-1.8.2.jar;C:\Users\gr4ad\.m2\repository\org\junit\jupiter\junit-jupiter-api\5.8.2\junit-jupiter-api-5.8.2.jar;C:\Users\gr4ad\.m2\repository\org\apiguardian\apiguardian-api\1.1.2\apiguardian-api-1.1.2.jar;C:\Users\gr4ad\.m2\repository\org\junit\vintage\junit-vintage-engine\5.8.2\junit-vintage-engine-5.8.2.jar;C:\Users\gr4ad\.m2\repository\junit\junit\4.13.2\junit-4.13.2.jar;C:\Users\gr4ad\.m2\repository\org\hamcrest\hamcrest-core\1.3\hamcrest-core-1.3.jar;C:\Users\gr4ad\.m2\repository\org\assertj\assertj-core\3.19.0\assertj-core-3.19.0.jar;C:\Users\gr4ad\.m2\repository\org\mockito\mockito-core\3.8.0\mockito-core-3.8.0.jar;C:\Users\gr4ad\.m2\repository\net\bytebuddy\byte-buddy\1.10.20\byte-buddy-1.10.20.jar;C:\Users\gr4ad\.m2\repository\net\bytebuddy\byte-buddy-agent\1.10.20\byte-buddy-agent-1.10.20.jar;C:\Users\gr4ad\.m2\repository\org\objenesis\objenesis\3.1\objenesis-3.1.jar;C:\Users\gr4ad\.m2\repository\ch\qos\logback\logback-classic\1.2.11\logback-classic-1.2.11.jar;C:\Users\gr4ad\.m2\repository\ch\qos\logback\logback-core\1.2.11\logback-core-1.2.11.jar;C:\Users\gr4ad\.m2\repository\org\slf4j\slf4j-api\1.7.36\slf4j-api-1.7.36.jar;"/>
    <property name="sun.cpu.endian" value="little"/>
    <property name="user.home" value="C:\Users\gr4ad"/>
    <property name="user.language" value="it"/>
    <property name="java.specification.vendor" value="Oracle Corporation"/>
    <property name="java.version.date" value="2022-10-18"/>
    <property name="java.home" value="C:\Program Files\Java\jdk-19"/>
    <property name="file.separator" value="\"/>
    <property name="basedir" value="C:\Users\gr4ad\Downloads\rdf4j-main\rdf4j-main\core\queryparser\sparql"/>
    <property name="java.vm.compressedOopsMode" value="32-bit"/>
    <property name="line.separator" value="&#10;"/>
    <property name="java.vm.specification.vendor" value="Oracle Corporation"/>
    <property name="java.specification.name" value="Java Platform API Specification"/>
    <property name="surefire.real.class.path" value="C:\Users\gr4ad\AppData\Local\Temp\surefire5947959506866711520\surefirebooter-20230330173525069_3.jar"/>
    <property name="user.script" value=""/>
    <property name="sun.management.compiler" value="HotSpot 64-Bit Tiered Compilers"/>
    <property name="java.runtime.version" value="19.0.1+10-21"/>
    <property name="user.name" value="gr4ad"/>
    <property name="stdout.encoding" value="Cp1252"/>
    <property name="path.separator" value=";"/>
    <property name="os.version" value="10.0"/>
    <property name="java.runtime.name" value="Java(TM) SE Runtime Environment"/>
    <property name="file.encoding" value="UTF-8"/>
    <property name="java.vm.name" value="Java HotSpot(TM) 64-Bit Server VM"/>
    <property name="localRepository" value="C:\Users\gr4ad\.m2\repository"/>
    <property name="java.vendor.url.bug" value="https://bugreport.java.com/bugreport/"/>
    <property name="java.io.tmpdir" value="C:\Users\gr4ad\AppData\Local\Temp\"/>
    <property name="java.version" value="19.0.1"/>
    <property name="user.dir" value="C:\Users\gr4ad\Downloads\rdf4j-main\rdf4j-main\core\queryparser\sparql"/>
    <property name="os.arch" value="amd64"/>
    <property name="java.vm.specification.name" value="Java Virtual Machine Specification"/>
    <property name="sun.os.patch.level" value=""/>
    <property name="native.encoding" value="Cp1252"/>
    <property name="java.library.path" value="C:\Program Files\Java\jdk-19\bin;C:\WINDOWS\Sun\Java\bin;C:\WINDOWS\system32;C:\WINDOWS;C:\Program Files\Common Files\Oracle\Java\javapath;C:\Program Files (x86)\Common Files\Oracle\Java\javapath;C:\WINDOWS\system32;C:\WINDOWS;C:\WINDOWS\System32\Wbem;C:\WINDOWS\System32\WindowsPowerShell\v1.0\;C:\WINDOWS\System32\OpenSSH\;D:\Git\cmd;C:\Users\gr4ad\Downloads\sonar-scanner-cli-4.6.2.2472-windows\sonar-scanner-4.6.2.2472-windows\bin;C:\Program Files\Java\jdk-17.0.2\bin;C:\Program Files (x86)\nodejs\;C:\Program Files\Java\jdk-19\bin;C:\Program Files\apache-maven-3.8.6\bin;C:\Program Files\Java\javacc-javacc-7.0.10\javacc-javacc-7.0.10\scripts;C:\Program Files\GitHub CLI\;C:\Program Files\Java\apache-ant-1.10.12-bin\apache-ant-1.10.12\bin;C:\Users\gr4ad\AppData\Local\Microsoft\WindowsApps;C:\Users\gr4ad\AppData\Local\atom\bin;C:\Users\gr4ad\AppData\Local\Programs\Microsoft VS Code\bin;C:\Users\gr4ad\AppData\Roaming\npm;."/>
    <property name="java.vm.info" value="mixed mode, sharing"/>
    <property name="stderr.encoding" value="Cp1252"/>
    <property name="java.vendor" value="Oracle Corporation"/>
    <property name="java.vm.version" value="19.0.1+10-21"/>
    <property name="sun.io.unicode.encoding" value="UnicodeLittle"/>
    <property name="java.class.version" value="63.0"/>
  </properties>
  <testcase name="testVarInSubselect" classname="org.eclipse.rdf4j.query.parser.sparql.WildcardProjectionProcessorTest" time="0.005"/>
  <testcase name="testVarInBGP" classname="org.eclipse.rdf4j.query.parser.sparql.WildcardProjectionProcessorTest" time="0.002"/>
  <testcase name="testVarInFilter" classname="org.eclipse.rdf4j.query.parser.sparql.WildcardProjectionProcessorTest" time="0.001"/>
  <testcase name="testVarInBind" classname="org.eclipse.rdf4j.query.parser.sparql.WildcardProjectionProcessorTest" time="0.001"/>
</testsuite>