<?xml version="1.0" encoding="UTF-8"?>
<testsuite xmlns:xsi="http://www.w3.org/2001/XMLSchema-instance" xsi:noNamespaceSchemaLocation="https://maven.apache.org/surefire/maven-surefire-plugin/xsd/surefire-test-report-3.0.xsd" version="3.0" name="org.eclipse.rdf4j.query.parser.sparql.TupleExprBuilderTest" time="0.053" tests="9" errors="1" skipped="0" failures="0">
  <properties>
    <property name="java.specification.version" value="19"/>
    <property name="sun.cpu.isalist" value="amd64"/>
    <property name="sun.jnu.encoding" value="Cp1252"/>
    <property name="java.class.path" value="C:\Users\gr4ad\Downloads\rdf4j-main\rdf4j-main\core\queryparser\sparql\target\test-classes;C:\Users\gr4ad\Downloads\rdf4j-main\rdf4j-main\core\queryparser\sparql\target\classes;C:\Users\gr4ad\.m2\repository\org\eclipse\rdf4j\rdf4j-queryparser-api\4.2.3-SNAPSHOT\rdf4j-queryparser-api-4.2.3-SNAPSHOT.jar;C:\Users\gr4ad\.m2\repository\org\eclipse\rdf4j\rdf4j-rio-trig\4.2.3-SNAPSHOT\rdf4j-rio-trig-4.2.3-SNAPSHOT.jar;C:\Users\gr4ad\.m2\repository\org\eclipse\rdf4j\rdf4j-rio-api\4.2.3-SNAPSHOT\rdf4j-rio-api-4.2.3-SNAPSHOT.jar;C:\Users\gr4ad\.m2\repository\org\eclipse\rdf4j\rdf4j-common-xml\4.2.3-SNAPSHOT\rdf4j-common-xml-4.2.3-SNAPSHOT.jar;C:\Users\gr4ad\.m2\repository\jakarta\xml\bind\jakarta.xml.bind-api\2.3.3\jakarta.xml.bind-api-2.3.3.jar;C:\Users\gr4ad\.m2\repository\jakarta\activation\jakarta.activation-api\1.2.2\jakarta.activation-api-1.2.2.jar;C:\Users\gr4ad\.m2\repository\com\github\jsonld-java\jsonld-java\0.13.4\jsonld-java-0.13.4.jar;C:\Users\gr4ad\.m2\repository\org\slf4j\jcl-over-slf4j\1.7.36\jcl-over-slf4j-1.7.36.jar;C:\Users\gr4ad\.m2\repository\org\eclipse\rdf4j\rdf4j-rio-turtle\4.2.3-SNAPSHOT\rdf4j-rio-turtle-4.2.3-SNAPSHOT.jar;C:\Users\gr4ad\.m2\repository\commons-io\commons-io\2.11.0\commons-io-2.11.0.jar;C:\Users\gr4ad\.m2\repository\org\eclipse\rdf4j\rdf4j-rio-datatypes\4.2.3-SNAPSHOT\rdf4j-rio-datatypes-4.2.3-SNAPSHOT.jar;C:\Users\gr4ad\.m2\repository\org\eclipse\rdf4j\rdf4j-rio-languages\4.2.3-SNAPSHOT\rdf4j-rio-languages-4.2.3-SNAPSHOT.jar;C:\Users\gr4ad\.m2\repository\org\eclipse\rdf4j\rdf4j-query\4.2.3-SNAPSHOT\rdf4j-query-4.2.3-SNAPSHOT.jar;C:\Users\gr4ad\.m2\repository\com\fasterxml\jackson\core\jackson-annotations\2.13.4\jackson-annotations-2.13.4.jar;C:\Users\gr4ad\.m2\repository\com\fasterxml\jackson\core\jackson-core\2.13.4\jackson-core-2.13.4.jar;C:\Users\gr4ad\.m2\repository\com\fasterxml\jackson\core\jackson-databind\2.13.4.2\jackson-databind-2.13.4.2.jar;C:\Users\gr4ad\.m2\repository\org\apache\commons\commons-text\1.10.0\commons-text-1.10.0.jar;C:\Users\gr4ad\.m2\repository\org\apache\commons\commons-lang3\3.12.0\commons-lang3-3.12.0.jar;C:\Users\gr4ad\.m2\repository\org\eclipse\rdf4j\rdf4j-queryalgebra-model\4.2.3-SNAPSHOT\rdf4j-queryalgebra-model-4.2.3-SNAPSHOT.jar;C:\Users\gr4ad\.m2\repository\org\eclipse\rdf4j\rdf4j-model\4.2.3-SNAPSHOT\rdf4j-model-4.2.3-SNAPSHOT.jar;C:\Users\gr4ad\.m2\repository\org\eclipse\rdf4j\rdf4j-model-api\4.2.3-SNAPSHOT\rdf4j-model-api-4.2.3-SNAPSHOT.jar;C:\Users\gr4ad\.m2\repository\org\eclipse\rdf4j\rdf4j-common-annotation\4.2.3-SNAPSHOT\rdf4j-common-annotation-4.2.3-SNAPSHOT.jar;C:\Users\gr4ad\.m2\repository\org\eclipse\rdf4j\rdf4j-model-vocabulary\4.2.3-SNAPSHOT\rdf4j-model-vocabulary-4.2.3-SNAPSHOT.jar;C:\Users\gr4ad\.m2\repository\org\eclipse\rdf4j\rdf4j-common-exception\4.2.3-SNAPSHOT\rdf4j-common-exception-4.2.3-SNAPSHOT.jar;C:\Users\gr4ad\.m2\repository\org\eclipse\rdf4j\rdf4j-common-text\4.2.3-SNAPSHOT\rdf4j-common-text-4.2.3-SNAPSHOT.jar;C:\Users\gr4ad\.m2\repository\org\eclipse\rdf4j\rdf4j-common-io\4.2.3-SNAPSHOT\rdf4j-common-io-4.2.3-SNAPSHOT.jar;C:\Users\gr4ad\.m2\repository\org\eclipse\rdf4j\rdf4j-common-util\4.2.3-SNAPSHOT\rdf4j-common-util-4.2.3-SNAPSHOT.jar;C:\Users\gr4ad\.m2\repository\org\eclipse\rdf4j\rdf4j-common-iterator\4.2.3-SNAPSHOT\rdf4j-common-iterator-4.2.3-SNAPSHOT.jar;C:\Users\gr4ad\.m2\repository\com\google\guava\guava\30.1.1-jre\guava-30.1.1-jre.jar;C:\Users\gr4ad\.m2\repository\com\google\guava\failureaccess\1.0.1\failureaccess-1.0.1.jar;C:\Users\gr4ad\.m2\repository\com\google\guava\listenablefuture\9999.0-empty-to-avoid-conflict-with-guava\listenablefuture-9999.0-empty-to-avoid-conflict-with-guava.jar;C:\Users\gr4ad\.m2\repository\org\openjdk\jmh\jmh-core\1.35\jmh-core-1.35.jar;C:\Users\gr4ad\.m2\repository\net\sf\jopt-simple\jopt-simple\5.0.4\jopt-simple-5.0.4.jar;C:\Users\gr4ad\.m2\repository\org\apache\commons\commons-math3\3.2\commons-math3-3.2.jar;C:\Users\gr4ad\.m2\repository\org\openjdk\jmh\jmh-generator-annprocess\1.35\jmh-generator-annprocess-1.35.jar;C:\Users\gr4ad\.m2\repository\org\junit\jupiter\junit-jupiter-engine\5.8.2\junit-jupiter-engine-5.8.2.jar;C:\Users\gr4ad\.m2\repository\org\junit\platform\junit-platform-engine\1.8.2\junit-platform-engine-1.8.2.jar;C:\Users\gr4ad\.m2\repository\org\opentest4j\opentest4j\1.2.0\opentest4j-1.2.0.jar;C:\Users\gr4ad\.m2\repository\org\junit\platform\junit-platform-commons\1.8.2\junit-platform-commons-1.8.2.jar;C:\Users\gr4ad\.m2\repository\org\junit\jupiter\junit-jupiter-api\5.8.2\junit-jupiter-api-5.8.2.jar;C:\Users\gr4ad\.m2\repository\org\apiguardian\apiguardian-api\1.1.2\apiguardian-api-1.1.2.jar;C:\Users\gr4ad\.m2\repository\org\junit\vintage\junit-vintage-engine\5.8.2\junit-vintage-engine-5.8.2.jar;C:\Users\gr4ad\.m2\repository\junit\junit\4.13.2\junit-4.13.2.jar;C:\Users\gr4ad\.m2\repository\org\hamcrest\hamcrest-core\1.3\hamcrest-core-1.3.jar;C:\Users\gr4ad\.m2\repository\org\assertj\assertj-core\3.19.0\assertj-core-3.19.0.jar;C:\Users\gr4ad\.m2\repository\org\mockito\mockito-core\3.8.0\mockito-core-3.8.0.jar;C:\Users\gr4ad\.m2\repository\net\bytebuddy\byte-buddy\1.10.20\byte-buddy-1.10.20.jar;C:\Users\gr4ad\.m2\repository\net\bytebuddy\byte-buddy-agent\1.10.20\byte-buddy-agent-1.10.20.jar;C:\Users\gr4ad\.m2\repository\org\objenesis\objenesis\3.1\objenesis-3.1.jar;C:\Users\gr4ad\.m2\repository\ch\qos\logback\logback-classic\1.2.11\logback-classic-1.2.11.jar;C:\Users\gr4ad\.m2\repository\ch\qos\logback\logback-core\1.2.11\logback-core-1.2.11.jar;C:\Users\gr4ad\.m2\repository\org\slf4j\slf4j-api\1.7.36\slf4j-api-1.7.36.jar;"/>
    <property name="java.vm.vendor" value="Oracle Corporation"/>
    <property name="sun.arch.data.model" value="64"/>
    <property name="user.variant" value=""/>
    <property name="java.vendor.url" value="https://java.oracle.com/"/>
    <property name="user.timezone" value="Europe/Rome"/>
    <property name="os.name" value="Windows 10"/>
    <property name="java.vm.specification.version" value="19"/>
    <property name="sun.java.launcher" value="SUN_STANDARD"/>
    <property name="user.country" value="IT"/>
    <property name="sun.boot.library.path" value="C:\Program Files\Java\jdk-19\bin"/>
    <property name="sun.java.command" value="C:\Users\gr4ad\AppData\Local\Temp\surefire5947959506866711520\surefirebooter-20230330173525069_3.jar C:\Users\gr4ad\AppData\Local\Temp\surefire5947959506866711520 2023-03-30T17-35-24_635-jvmRun1 surefire-20230330173525069_1tmp surefire_0-20230330173525069_2tmp"/>
    <property name="jdk.debug" value="release"/>
    <property name="surefire.test.class.path" value="C:\Users\gr4ad\Downloads\rdf4j-main\rdf4j-main\core\queryparser\sparql\target\test-classes;C:\Users\gr4ad\Downloads\rdf4j-main\rdf4j-main\core\queryparser\sparql\target\classes;C:\Users\gr4ad\.m2\repository\org\eclipse\rdf4j\rdf4j-queryparser-api\4.2.3-SNAPSHOT\rdf4j-queryparser-api-4.2.3-SNAPSHOT.jar;C:\Users\gr4ad\.m2\repository\org\eclipse\rdf4j\rdf4j-rio-trig\4.2.3-SNAPSHOT\rdf4j-rio-trig-4.2.3-SNAPSHOT.jar;C:\Users\gr4ad\.m2\repository\org\eclipse\rdf4j\rdf4j-rio-api\4.2.3-SNAPSHOT\rdf4j-rio-api-4.2.3-SNAPSHOT.jar;C:\Users\gr4ad\.m2\repository\org\eclipse\rdf4j\rdf4j-common-xml\4.2.3-SNAPSHOT\rdf4j-common-xml-4.2.3-SNAPSHOT.jar;C:\Users\gr4ad\.m2\repository\jakarta\xml\bind\jakarta.xml.bind-api\2.3.3\jakarta.xml.bind-api-2.3.3.jar;C:\Users\gr4ad\.m2\repository\jakarta\activation\jakarta.activation-api\1.2.2\jakarta.activation-api-1.2.2.jar;C:\Users\gr4ad\.m2\repository\com\github\jsonld-java\jsonld-java\0.13.4\jsonld-java-0.13.4.jar;C:\Users\gr4ad\.m2\repository\org\slf4j\jcl-over-slf4j\1.7.36\jcl-over-slf4j-1.7.36.jar;C:\Users\gr4ad\.m2\repository\org\eclipse\rdf4j\rdf4j-rio-turtle\4.2.3-SNAPSHOT\rdf4j-rio-turtle-4.2.3-SNAPSHOT.jar;C:\Users\gr4ad\.m2\repository\commons-io\commons-io\2.11.0\commons-io-2.11.0.jar;C:\Users\gr4ad\.m2\repository\org\eclipse\rdf4j\rdf4j-rio-datatypes\4.2.3-SNAPSHOT\rdf4j-rio-datatypes-4.2.3-SNAPSHOT.jar;C:\Users\gr4ad\.m2\repository\org\eclipse\rdf4j\rdf4j-rio-languages\4.2.3-SNAPSHOT\rdf4j-rio-languages-4.2.3-SNAPSHOT.jar;C:\Users\gr4ad\.m2\repository\org\eclipse\rdf4j\rdf4j-query\4.2.3-SNAPSHOT\rdf4j-query-4.2.3-SNAPSHOT.jar;C:\Users\gr4ad\.m2\repository\com\fasterxml\jackson\core\jackson-annotations\2.13.4\jackson-annotations-2.13.4.jar;C:\Users\gr4ad\.m2\repository\com\fasterxml\jackson\core\jackson-core\2.13.4\jackson-core-2.13.4.jar;C:\Users\gr4ad\.m2\repository\com\fasterxml\jackson\core\jackson-databind\2.13.4.2\jackson-databind-2.13.4.2.jar;C:\Users\gr4ad\.m2\repository\org\apache\commons\commons-text\1.10.0\commons-text-1.10.0.jar;C:\Users\gr4ad\.m2\repository\org\apache\commons\commons-lang3\3.12.0\commons-lang3-3.12.0.jar;C:\Users\gr4ad\.m2\repository\org\eclipse\rdf4j\rdf4j-queryalgebra-model\4.2.3-SNAPSHOT\rdf4j-queryalgebra-model-4.2.3-SNAPSHOT.jar;C:\Users\gr4ad\.m2\repository\org\eclipse\rdf4j\rdf4j-model\4.2.3-SNAPSHOT\rdf4j-model-4.2.3-SNAPSHOT.jar;C:\Users\gr4ad\.m2\repository\org\eclipse\rdf4j\rdf4j-model-api\4.2.3-SNAPSHOT\rdf4j-model-api-4.2.3-SNAPSHOT.jar;C:\Users\gr4ad\.m2\repository\org\eclipse\rdf4j\rdf4j-common-annotation\4.2.3-SNAPSHOT\rdf4j-common-annotation-4.2.3-SNAPSHOT.jar;C:\Users\gr4ad\.m2\repository\org\eclipse\rdf4j\rdf4j-model-vocabulary\4.2.3-SNAPSHOT\rdf4j-model-vocabulary-4.2.3-SNAPSHOT.jar;C:\Users\gr4ad\.m2\repository\org\eclipse\rdf4j\rdf4j-common-exception\4.2.3-SNAPSHOT\rdf4j-common-exception-4.2.3-SNAPSHOT.jar;C:\Users\gr4ad\.m2\repository\org\eclipse\rdf4j\rdf4j-common-text\4.2.3-SNAPSHOT\rdf4j-common-text-4.2.3-SNAPSHOT.jar;C:\Users\gr4ad\.m2\repository\org\eclipse\rdf4j\rdf4j-common-io\4.2.3-SNAPSHOT\rdf4j-common-io-4.2.3-SNAPSHOT.jar;C:\Users\gr4ad\.m2\repository\org\eclipse\rdf4j\rdf4j-common-util\4.2.3-SNAPSHOT\rdf4j-common-util-4.2.3-SNAPSHOT.jar;C:\Users\gr4ad\.m2\repository\org\eclipse\rdf4j\rdf4j-common-iterator\4.2.3-SNAPSHOT\rdf4j-common-iterator-4.2.3-SNAPSHOT.jar;C:\Users\gr4ad\.m2\repository\com\google\guava\guava\30.1.1-jre\guava-30.1.1-jre.jar;C:\Users\gr4ad\.m2\repository\com\google\guava\failureaccess\1.0.1\failureaccess-1.0.1.jar;C:\Users\gr4ad\.m2\repository\com\google\guava\listenablefuture\9999.0-empty-to-avoid-conflict-with-guava\listenablefuture-9999.0-empty-to-avoid-conflict-with-guava.jar;C:\Users\gr4ad\.m2\repository\org\openjdk\jmh\jmh-core\1.35\jmh-core-1.35.jar;C:\Users\gr4ad\.m2\repository\net\sf\jopt-simple\jopt-simple\5.0.4\jopt-simple-5.0.4.jar;C:\Users\gr4ad\.m2\repository\org\apache\commons\commons-math3\3.2\commons-math3-3.2.jar;C:\Users\gr4ad\.m2\repository\org\openjdk\jmh\jmh-generator-annprocess\1.35\jmh-generator-annprocess-1.35.jar;C:\Users\gr4ad\.m2\repository\org\junit\jupiter\junit-jupiter-engine\5.8.2\junit-jupiter-engine-5.8.2.jar;C:\Users\gr4ad\.m2\repository\org\junit\platform\junit-platform-engine\1.8.2\junit-platform-engine-1.8.2.jar;C:\Users\gr4ad\.m2\repository\org\opentest4j\opentest4j\1.2.0\opentest4j-1.2.0.jar;C:\Users\gr4ad\.m2\repository\org\junit\platform\junit-platform-commons\1.8.2\junit-platform-commons-1.8.2.jar;C:\Users\gr4ad\.m2\repository\org\junit\jupiter\junit-jupiter-api\5.8.2\junit-jupiter-api-5.8.2.jar;C:\Users\gr4ad\.m2\repository\org\apiguardian\apiguardian-api\1.1.2\apiguardian-api-1.1.2.jar;C:\Users\gr4ad\.m2\repository\org\junit\vintage\junit-vintage-engine\5.8.2\junit-vintage-engine-5.8.2.jar;C:\Users\gr4ad\.m2\repository\junit\junit\4.13.2\junit-4.13.2.jar;C:\Users\gr4ad\.m2\repository\org\hamcrest\hamcrest-core\1.3\hamcrest-core-1.3.jar;C:\Users\gr4ad\.m2\repository\org\assertj\assertj-core\3.19.0\assertj-core-3.19.0.jar;C:\Users\gr4ad\.m2\repository\org\mockito\mockito-core\3.8.0\mockito-core-3.8.0.jar;C:\Users\gr4ad\.m2\repository\net\bytebuddy\byte-buddy\1.10.20\byte-buddy-1.10.20.jar;C:\Users\gr4ad\.m2\repository\net\bytebuddy\byte-buddy-agent\1.10.20\byte-buddy-agent-1.10.20.jar;C:\Users\gr4ad\.m2\repository\org\objenesis\objenesis\3.1\objenesis-3.1.jar;C:\Users\gr4ad\.m2\repository\ch\qos\logback\logback-classic\1.2.11\logback-classic-1.2.11.jar;C:\Users\gr4ad\.m2\repository\ch\qos\logback\logback-core\1.2.11\logback-core-1.2.11.jar;C:\Users\gr4ad\.m2\repository\org\slf4j\slf4j-api\1.7.36\slf4j-api-1.7.36.jar;"/>
    <property name="sun.cpu.endian" value="little"/>
    <property name="user.home" value="C:\Users\gr4ad"/>
    <property name="user.language" value="it"/>
    <property name="java.specification.vendor" value="Oracle Corporation"/>
    <property name="java.version.date" value="2022-10-18"/>
    <property name="java.home" value="C:\Program Files\Java\jdk-19"/>
    <property name="file.separator" value="\"/>
    <property name="basedir" value="C:\Users\gr4ad\Downloads\rdf4j-main\rdf4j-main\core\queryparser\sparql"/>
    <property name="java.vm.compressedOopsMode" value="32-bit"/>
    <property name="line.separator" value="&#10;"/>
    <property name="java.vm.specification.vendor" value="Oracle Corporation"/>
    <property name="java.specification.name" value="Java Platform API Specification"/>
    <property name="surefire.real.class.path" value="C:\Users\gr4ad\AppData\Local\Temp\surefire5947959506866711520\surefirebooter-20230330173525069_3.jar"/>
    <property name="user.script" value=""/>
    <property name="sun.management.compiler" value="HotSpot 64-Bit Tiered Compilers"/>
    <property name="java.runtime.version" value="19.0.1+10-21"/>
    <property name="user.name" value="gr4ad"/>
    <property name="stdout.encoding" value="Cp1252"/>
    <property name="path.separator" value=";"/>
    <property name="os.version" value="10.0"/>
    <property name="java.runtime.name" value="Java(TM) SE Runtime Environment"/>
    <property name="file.encoding" value="UTF-8"/>
    <property name="java.vm.name" value="Java HotSpot(TM) 64-Bit Server VM"/>
    <property name="localRepository" value="C:\Users\gr4ad\.m2\repository"/>
    <property name="java.vendor.url.bug" value="https://bugreport.java.com/bugreport/"/>
    <property name="java.io.tmpdir" value="C:\Users\gr4ad\AppData\Local\Temp\"/>
    <property name="java.version" value="19.0.1"/>
    <property name="user.dir" value="C:\Users\gr4ad\Downloads\rdf4j-main\rdf4j-main\core\queryparser\sparql"/>
    <property name="os.arch" value="amd64"/>
    <property name="java.vm.specification.name" value="Java Virtual Machine Specification"/>
    <property name="sun.os.patch.level" value=""/>
    <property name="native.encoding" value="Cp1252"/>
    <property name="java.library.path" value="C:\Program Files\Java\jdk-19\bin;C:\WINDOWS\Sun\Java\bin;C:\WINDOWS\system32;C:\WINDOWS;C:\Program Files\Common Files\Oracle\Java\javapath;C:\Program Files (x86)\Common Files\Oracle\Java\javapath;C:\WINDOWS\system32;C:\WINDOWS;C:\WINDOWS\System32\Wbem;C:\WINDOWS\System32\WindowsPowerShell\v1.0\;C:\WINDOWS\System32\OpenSSH\;D:\Git\cmd;C:\Users\gr4ad\Downloads\sonar-scanner-cli-4.6.2.2472-windows\sonar-scanner-4.6.2.2472-windows\bin;C:\Program Files\Java\jdk-17.0.2\bin;C:\Program Files (x86)\nodejs\;C:\Program Files\Java\jdk-19\bin;C:\Program Files\apache-maven-3.8.6\bin;C:\Program Files\Java\javacc-javacc-7.0.10\javacc-javacc-7.0.10\scripts;C:\Program Files\GitHub CLI\;C:\Program Files\Java\apache-ant-1.10.12-bin\apache-ant-1.10.12\bin;C:\Users\gr4ad\AppData\Local\Microsoft\WindowsApps;C:\Users\gr4ad\AppData\Local\atom\bin;C:\Users\gr4ad\AppData\Local\Programs\Microsoft VS Code\bin;C:\Users\gr4ad\AppData\Roaming\npm;."/>
    <property name="java.vm.info" value="mixed mode, sharing"/>
    <property name="stderr.encoding" value="Cp1252"/>
    <property name="java.vendor" value="Oracle Corporation"/>
    <property name="java.vm.version" value="19.0.1+10-21"/>
    <property name="sun.io.unicode.encoding" value="UnicodeLittle"/>
    <property name="java.class.version" value="63.0"/>
  </properties>
  <testcase name="testSimpleAliasHandling" classname="org.eclipse.rdf4j.query.parser.sparql.TupleExprBuilderTest" time="0.005">
    <error message="Lexical error at line 1, column 31.  Encountered: &quot; &quot; (32), after : &quot;CONJ&quot;" type="org.eclipse.rdf4j.query.parser.sparql.ast.TokenMgrError"><![CDATA[org.eclipse.rdf4j.query.parser.sparql.ast.TokenMgrError: Lexical error at line 1, column 31.  Encountered: " " (32), after : "CONJ"
	at org.eclipse.rdf4j.query.parser.sparql.ast.SyntaxTreeBuilderTokenManager.getNextToken(SyntaxTreeBuilderTokenManager.java:3145)
	at org.eclipse.rdf4j.query.parser.sparql.ast.SyntaxTreeBuilder.jj_ntk_f(SyntaxTreeBuilder.java:9513)
	at org.eclipse.rdf4j.query.parser.sparql.ast.SyntaxTreeBuilder.GroupGraphPattern(SyntaxTreeBuilder.java:1906)
	at org.eclipse.rdf4j.query.parser.sparql.ast.SyntaxTreeBuilder.WhereClause(SyntaxTreeBuilder.java:940)
	at org.eclipse.rdf4j.query.parser.sparql.ast.SyntaxTreeBuilder.SelectQuery(SyntaxTreeBuilder.java:363)
	at org.eclipse.rdf4j.query.parser.sparql.ast.SyntaxTreeBuilder.Query(SyntaxTreeBuilder.java:328)
	at org.eclipse.rdf4j.query.parser.sparql.ast.SyntaxTreeBuilder.QueryContainer(SyntaxTreeBuilder.java:206)
	at org.eclipse.rdf4j.query.parser.sparql.ast.SyntaxTreeBuilder.parseQuery(SyntaxTreeBuilder.java:40)
	at org.eclipse.rdf4j.query.parser.sparql.TupleExprBuilderTest.testSimpleAliasHandling(TupleExprBuilderTest.java:55)
	at java.base/jdk.internal.reflect.DirectMethodHandleAccessor.invoke(DirectMethodHandleAccessor.java:104)
	at java.base/java.lang.reflect.Method.invoke(Method.java:578)
	at org.junit.platform.commons.util.ReflectionUtils.invokeMethod(ReflectionUtils.java:725)
	at org.junit.jupiter.engine.execution.MethodInvocation.proceed(MethodInvocation.java:60)
	at org.junit.jupiter.engine.execution.InvocationInterceptorChain$ValidatingInvocation.proceed(InvocationInterceptorChain.java:131)
	at org.junit.jupiter.engine.extension.TimeoutExtension.intercept(TimeoutExtension.java:149)
	at org.junit.jupiter.engine.extension.TimeoutExtension.interceptTestableMethod(TimeoutExtension.java:140)
	at org.junit.jupiter.engine.extension.TimeoutExtension.interceptTestMethod(TimeoutExtension.java:84)
	at org.junit.jupiter.engine.execution.ExecutableInvoker$ReflectiveInterceptorCall.lambda$ofVoidMethod$0(ExecutableInvoker.java:115)
	at org.junit.jupiter.engine.execution.ExecutableInvoker.lambda$invoke$0(ExecutableInvoker.java:105)
	at org.junit.jupiter.engine.execution.InvocationInterceptorChain$InterceptedInvocation.proceed(InvocationInterceptorChain.java:106)
	at org.junit.jupiter.engine.execution.InvocationInterceptorChain.proceed(InvocationInterceptorChain.java:64)
	at org.junit.jupiter.engine.execution.InvocationInterceptorChain.chainAndInvoke(InvocationInterceptorChain.java:45)
	at org.junit.jupiter.engine.execution.InvocationInterceptorChain.invoke(InvocationInterceptorChain.java:37)
	at org.junit.jupiter.engine.execution.ExecutableInvoker.invoke(ExecutableInvoker.java:104)
	at org.junit.jupiter.engine.execution.ExecutableInvoker.invoke(ExecutableInvoker.java:98)
	at org.junit.jupiter.engine.descriptor.TestMethodTestDescriptor.lambda$invokeTestMethod$7(TestMethodTestDescriptor.java:214)
	at org.junit.platform.engine.support.hierarchical.ThrowableCollector.execute(ThrowableCollector.java:73)
	at org.junit.jupiter.engine.descriptor.TestMethodTestDescriptor.invokeTestMethod(TestMethodTestDescriptor.java:210)
	at org.junit.jupiter.engine.descriptor.TestMethodTestDescriptor.execute(TestMethodTestDescriptor.java:135)
	at org.junit.jupiter.engine.descriptor.TestMethodTestDescriptor.execute(TestMethodTestDescriptor.java:66)
	at org.junit.platform.engine.support.hierarchical.NodeTestTask.lambda$executeRecursively$6(NodeTestTask.java:151)
	at org.junit.platform.engine.support.hierarchical.ThrowableCollector.execute(ThrowableCollector.java:73)
	at org.junit.platform.engine.support.hierarchical.NodeTestTask.lambda$executeRecursively$8(NodeTestTask.java:141)
	at org.junit.platform.engine.support.hierarchical.Node.around(Node.java:137)
	at org.junit.platform.engine.support.hierarchical.NodeTestTask.lambda$executeRecursively$9(NodeTestTask.java:139)
	at org.junit.platform.engine.support.hierarchical.ThrowableCollector.execute(ThrowableCollector.java:73)
	at org.junit.platform.engine.support.hierarchical.NodeTestTask.executeRecursively(NodeTestTask.java:138)
	at org.junit.platform.engine.support.hierarchical.NodeTestTask.execute(NodeTestTask.java:95)
	at java.base/java.util.ArrayList.forEach(ArrayList.java:1511)
	at org.junit.platform.engine.support.hierarchical.SameThreadHierarchicalTestExecutorService.invokeAll(SameThreadHierarchicalTestExecutorService.java:41)
	at org.junit.platform.engine.support.hierarchical.NodeTestTask.lambda$executeRecursively$6(NodeTestTask.java:155)
	at org.junit.platform.engine.support.hierarchical.ThrowableCollector.execute(ThrowableCollector.java:73)
	at org.junit.platform.engine.support.hierarchical.NodeTestTask.lambda$executeRecursively$8(NodeTestTask.java:141)
	at org.junit.platform.engine.support.hierarchical.Node.around(Node.java:137)
	at org.junit.platform.engine.support.hierarchical.NodeTestTask.lambda$executeRecursively$9(NodeTestTask.java:139)
	at org.junit.platform.engine.support.hierarchical.ThrowableCollector.execute(ThrowableCollector.java:73)
	at org.junit.platform.engine.support.hierarchical.NodeTestTask.executeRecursively(NodeTestTask.java:138)
	at org.junit.platform.engine.support.hierarchical.NodeTestTask.execute(NodeTestTask.java:95)
	at java.base/java.util.ArrayList.forEach(ArrayList.java:1511)
	at org.junit.platform.engine.support.hierarchical.SameThreadHierarchicalTestExecutorService.invokeAll(SameThreadHierarchicalTestExecutorService.java:41)
	at org.junit.platform.engine.support.hierarchical.NodeTestTask.lambda$executeRecursively$6(NodeTestTask.java:155)
	at org.junit.platform.engine.support.hierarchical.ThrowableCollector.execute(ThrowableCollector.java:73)
	at org.junit.platform.engine.support.hierarchical.NodeTestTask.lambda$executeRecursively$8(NodeTestTask.java:141)
	at org.junit.platform.engine.support.hierarchical.Node.around(Node.java:137)
	at org.junit.platform.engine.support.hierarchical.NodeTestTask.lambda$executeRecursively$9(NodeTestTask.java:139)
	at org.junit.platform.engine.support.hierarchical.ThrowableCollector.execute(ThrowableCollector.java:73)
	at org.junit.platform.engine.support.hierarchical.NodeTestTask.executeRecursively(NodeTestTask.java:138)
	at org.junit.platform.engine.support.hierarchical.NodeTestTask.execute(NodeTestTask.java:95)
	at org.junit.platform.engine.support.hierarchical.SameThreadHierarchicalTestExecutorService.submit(SameThreadHierarchicalTestExecutorService.java:35)
	at org.junit.platform.engine.support.hierarchical.HierarchicalTestExecutor.execute(HierarchicalTestExecutor.java:57)
	at org.junit.platform.engine.support.hierarchical.HierarchicalTestEngine.execute(HierarchicalTestEngine.java:54)
	at org.junit.platform.launcher.core.EngineExecutionOrchestrator.execute(EngineExecutionOrchestrator.java:107)
	at org.junit.platform.launcher.core.EngineExecutionOrchestrator.execute(EngineExecutionOrchestrator.java:88)
	at org.junit.platform.launcher.core.EngineExecutionOrchestrator.lambda$execute$0(EngineExecutionOrchestrator.java:54)
	at org.junit.platform.launcher.core.EngineExecutionOrchestrator.withInterceptedStreams(EngineExecutionOrchestrator.java:67)
	at org.junit.platform.launcher.core.EngineExecutionOrchestrator.execute(EngineExecutionOrchestrator.java:52)
	at org.junit.platform.launcher.core.DefaultLauncher.execute(DefaultLauncher.java:114)
	at org.junit.platform.launcher.core.DefaultLauncher.execute(DefaultLauncher.java:86)
	at org.junit.platform.launcher.core.DefaultLauncherSession$DelegatingLauncher.execute(DefaultLauncherSession.java:86)
	at org.apache.maven.surefire.junitplatform.LazyLauncher.execute(LazyLauncher.java:55)
	at org.apache.maven.surefire.junitplatform.JUnitPlatformProvider.execute(JUnitPlatformProvider.java:223)
	at org.apache.maven.surefire.junitplatform.JUnitPlatformProvider.invokeAllTests(JUnitPlatformProvider.java:175)
	at org.apache.maven.surefire.junitplatform.JUnitPlatformProvider.invoke(JUnitPlatformProvider.java:139)
	at org.apache.maven.surefire.booter.ForkedBooter.runSuitesInProcess(ForkedBooter.java:456)
	at org.apache.maven.surefire.booter.ForkedBooter.execute(ForkedBooter.java:169)
	at org.apache.maven.surefire.booter.ForkedBooter.run(ForkedBooter.java:595)
	at org.apache.maven.surefire.booter.ForkedBooter.main(ForkedBooter.java:581)
]]></error>
    <system-out><![CDATA[TEEEEEEEST
]]></system-out>
  </testcase>
  <testcase name="testAskQuerySolutionModifiers" classname="org.eclipse.rdf4j.query.parser.sparql.TupleExprBuilderTest" time="0.003"/>
  <testcase name="testMissingCloseBrace" classname="org.eclipse.rdf4j.query.parser.sparql.TupleExprBuilderTest" time="0.01"/>
  <testcase name="testServiceGraphPatternStringDetection1" classname="org.eclipse.rdf4j.query.parser.sparql.TupleExprBuilderTest" time="0.005"/>
  <testcase name="testServiceGraphPatternStringDetection2" classname="org.eclipse.rdf4j.query.parser.sparql.TupleExprBuilderTest" time="0.002"/>
  <testcase name="testServiceGraphPatternStringDetection3" classname="org.eclipse.rdf4j.query.parser.sparql.TupleExprBuilderTest" time="0.002"/>
  <testcase name="testServiceGraphPatternStringDetection4" classname="org.eclipse.rdf4j.query.parser.sparql.TupleExprBuilderTest" time="0.002"/>
  <testcase name="testNegatedPathWithFixedObject" classname="org.eclipse.rdf4j.query.parser.sparql.TupleExprBuilderTest" time="0.002"/>
  <testcase name="testServiceGraphPatternChopping" classname="org.eclipse.rdf4j.query.parser.sparql.TupleExprBuilderTest" time="0.005"/>
</testsuite>